<?xml version="1.0" encoding="UTF-8"?>
<!-- Generated by org.testng.reporters.JUnitReportReporter -->
<testsuite skipped="0" hostname="sys" name="com.qa.testcases.TC_02_Companies" tests="1" failures="0" timestamp="08 Jun 2020 05:25:54 GMT" time="41.808" errors="0">
  <testcase name="companies_TabClick" time="41.808" classname="com.qa.testcases.TC_02_Companies"/>
</testsuite> <!-- com.qa.testcases.TC_02_Companies -->
