<?xml version="1.0" encoding="UTF-8"?>
<!-- Generated by org.testng.reporters.JUnitReportReporter -->
<testsuite skipped="0" hostname="sys" name="com.qa.testcases.TC_03_Tasks" tests="1" failures="0" timestamp="08 Jun 2020 05:27:24 GMT" time="25.665" errors="0">
  <testcase name="task_Tab" time="25.665" classname="com.qa.testcases.TC_03_Tasks"/>
</testsuite> <!-- com.qa.testcases.TC_03_Tasks -->
