<?xml version="1.0" encoding="UTF-8"?>
<!-- Generated by org.testng.reporters.JUnitReportReporter -->
<testsuite skipped="0" hostname="sys" name="com.qa.testcases.TC_01_Login" tests="1" failures="0" timestamp="08 Jun 2020 05:25:02 GMT" time="22.448" errors="0">
  <testcase name="FreeCrmLogin" time="22.448" classname="com.qa.testcases.TC_01_Login"/>
</testsuite> <!-- com.qa.testcases.TC_01_Login -->
